D:\DATA PINDAH\UNIVERSITAS\SEMESTER 7\GRAFIKA DAN PENGOLAHAN CITRA\NEURAL NETWORK\DEBUG\MAIN.OBJ
D:\DATA PINDAH\UNIVERSITAS\SEMESTER 7\GRAFIKA DAN PENGOLAHAN CITRA\NEURAL NETWORK\DEBUG\VC110.PDB
D:\DATA PINDAH\UNIVERSITAS\SEMESTER 7\GRAFIKA DAN PENGOLAHAN CITRA\NEURAL NETWORK\DEBUG\NEURAL NETWORK.ILK
D:\DATA PINDAH\UNIVERSITAS\SEMESTER 7\GRAFIKA DAN PENGOLAHAN CITRA\NEURAL NETWORK\DEBUG\NEURAL NETWORK.EXE
D:\DATA PINDAH\UNIVERSITAS\SEMESTER 7\GRAFIKA DAN PENGOLAHAN CITRA\NEURAL NETWORK\DEBUG\NEURAL NETWORK.PDB
D:\Data Pindah\Universitas\Semester 7\Grafika dan Pengolahan Citra\Neural Network\Debug\main.obj
D:\Data Pindah\Universitas\Semester 7\Grafika dan Pengolahan Citra\Neural Network\Debug\Neural Network.ilk
D:\Data Pindah\Universitas\Semester 7\Grafika dan Pengolahan Citra\Neural Network\Debug\cl.command.1.tlog
D:\Data Pindah\Universitas\Semester 7\Grafika dan Pengolahan Citra\Neural Network\Debug\CL.read.1.tlog
D:\Data Pindah\Universitas\Semester 7\Grafika dan Pengolahan Citra\Neural Network\Debug\CL.write.1.tlog
D:\Data Pindah\Universitas\Semester 7\Grafika dan Pengolahan Citra\Neural Network\Debug\link-cvtres.read.1.tlog
D:\Data Pindah\Universitas\Semester 7\Grafika dan Pengolahan Citra\Neural Network\Debug\link-cvtres.write.1.tlog
D:\Data Pindah\Universitas\Semester 7\Grafika dan Pengolahan Citra\Neural Network\Debug\link-rc.read.1.tlog
D:\Data Pindah\Universitas\Semester 7\Grafika dan Pengolahan Citra\Neural Network\Debug\link-rc.write.1.tlog
D:\Data Pindah\Universitas\Semester 7\Grafika dan Pengolahan Citra\Neural Network\Debug\link.10212-cvtres.read.1.tlog
D:\Data Pindah\Universitas\Semester 7\Grafika dan Pengolahan Citra\Neural Network\Debug\link.10212-cvtres.write.1.tlog
D:\Data Pindah\Universitas\Semester 7\Grafika dan Pengolahan Citra\Neural Network\Debug\link.10212-rc.read.1.tlog
D:\Data Pindah\Universitas\Semester 7\Grafika dan Pengolahan Citra\Neural Network\Debug\link.10212-rc.write.1.tlog
D:\Data Pindah\Universitas\Semester 7\Grafika dan Pengolahan Citra\Neural Network\Debug\link.10212.read.1.tlog
D:\Data Pindah\Universitas\Semester 7\Grafika dan Pengolahan Citra\Neural Network\Debug\link.10212.write.1.tlog
D:\Data Pindah\Universitas\Semester 7\Grafika dan Pengolahan Citra\Neural Network\Debug\link.13344-cvtres.read.1.tlog
D:\Data Pindah\Universitas\Semester 7\Grafika dan Pengolahan Citra\Neural Network\Debug\link.13344-cvtres.write.1.tlog
D:\Data Pindah\Universitas\Semester 7\Grafika dan Pengolahan Citra\Neural Network\Debug\link.13344-rc.read.1.tlog
D:\Data Pindah\Universitas\Semester 7\Grafika dan Pengolahan Citra\Neural Network\Debug\link.13344-rc.write.1.tlog
D:\Data Pindah\Universitas\Semester 7\Grafika dan Pengolahan Citra\Neural Network\Debug\link.13344.read.1.tlog
D:\Data Pindah\Universitas\Semester 7\Grafika dan Pengolahan Citra\Neural Network\Debug\link.13344.write.1.tlog
D:\Data Pindah\Universitas\Semester 7\Grafika dan Pengolahan Citra\Neural Network\Debug\link.13564-cvtres.read.1.tlog
D:\Data Pindah\Universitas\Semester 7\Grafika dan Pengolahan Citra\Neural Network\Debug\link.13564-cvtres.write.1.tlog
D:\Data Pindah\Universitas\Semester 7\Grafika dan Pengolahan Citra\Neural Network\Debug\link.13564-rc.read.1.tlog
D:\Data Pindah\Universitas\Semester 7\Grafika dan Pengolahan Citra\Neural Network\Debug\link.13564-rc.write.1.tlog
D:\Data Pindah\Universitas\Semester 7\Grafika dan Pengolahan Citra\Neural Network\Debug\link.13564.read.1.tlog
D:\Data Pindah\Universitas\Semester 7\Grafika dan Pengolahan Citra\Neural Network\Debug\link.13564.write.1.tlog
D:\Data Pindah\Universitas\Semester 7\Grafika dan Pengolahan Citra\Neural Network\Debug\link.13740-cvtres.read.1.tlog
D:\Data Pindah\Universitas\Semester 7\Grafika dan Pengolahan Citra\Neural Network\Debug\link.13740-cvtres.write.1.tlog
D:\Data Pindah\Universitas\Semester 7\Grafika dan Pengolahan Citra\Neural Network\Debug\link.13740-rc.read.1.tlog
D:\Data Pindah\Universitas\Semester 7\Grafika dan Pengolahan Citra\Neural Network\Debug\link.13740-rc.write.1.tlog
D:\Data Pindah\Universitas\Semester 7\Grafika dan Pengolahan Citra\Neural Network\Debug\link.13740.read.1.tlog
D:\Data Pindah\Universitas\Semester 7\Grafika dan Pengolahan Citra\Neural Network\Debug\link.13740.write.1.tlog
D:\Data Pindah\Universitas\Semester 7\Grafika dan Pengolahan Citra\Neural Network\Debug\link.14148-cvtres.read.1.tlog
D:\Data Pindah\Universitas\Semester 7\Grafika dan Pengolahan Citra\Neural Network\Debug\link.14148-cvtres.write.1.tlog
D:\Data Pindah\Universitas\Semester 7\Grafika dan Pengolahan Citra\Neural Network\Debug\link.14148-rc.read.1.tlog
D:\Data Pindah\Universitas\Semester 7\Grafika dan Pengolahan Citra\Neural Network\Debug\link.14148-rc.write.1.tlog
D:\Data Pindah\Universitas\Semester 7\Grafika dan Pengolahan Citra\Neural Network\Debug\link.14148.read.1.tlog
D:\Data Pindah\Universitas\Semester 7\Grafika dan Pengolahan Citra\Neural Network\Debug\link.14148.write.1.tlog
D:\Data Pindah\Universitas\Semester 7\Grafika dan Pengolahan Citra\Neural Network\Debug\link.14324-cvtres.read.1.tlog
D:\Data Pindah\Universitas\Semester 7\Grafika dan Pengolahan Citra\Neural Network\Debug\link.14324-cvtres.write.1.tlog
D:\Data Pindah\Universitas\Semester 7\Grafika dan Pengolahan Citra\Neural Network\Debug\link.14324-rc.read.1.tlog
D:\Data Pindah\Universitas\Semester 7\Grafika dan Pengolahan Citra\Neural Network\Debug\link.14324-rc.write.1.tlog
D:\Data Pindah\Universitas\Semester 7\Grafika dan Pengolahan Citra\Neural Network\Debug\link.14324.read.1.tlog
D:\Data Pindah\Universitas\Semester 7\Grafika dan Pengolahan Citra\Neural Network\Debug\link.14324.write.1.tlog
D:\Data Pindah\Universitas\Semester 7\Grafika dan Pengolahan Citra\Neural Network\Debug\link.14680-cvtres.read.1.tlog
D:\Data Pindah\Universitas\Semester 7\Grafika dan Pengolahan Citra\Neural Network\Debug\link.14680-cvtres.write.1.tlog
D:\Data Pindah\Universitas\Semester 7\Grafika dan Pengolahan Citra\Neural Network\Debug\link.14680-rc.read.1.tlog
D:\Data Pindah\Universitas\Semester 7\Grafika dan Pengolahan Citra\Neural Network\Debug\link.14680-rc.write.1.tlog
D:\Data Pindah\Universitas\Semester 7\Grafika dan Pengolahan Citra\Neural Network\Debug\link.14680.read.1.tlog
D:\Data Pindah\Universitas\Semester 7\Grafika dan Pengolahan Citra\Neural Network\Debug\link.14680.write.1.tlog
D:\Data Pindah\Universitas\Semester 7\Grafika dan Pengolahan Citra\Neural Network\Debug\link.14848-cvtres.read.1.tlog
D:\Data Pindah\Universitas\Semester 7\Grafika dan Pengolahan Citra\Neural Network\Debug\link.14848-cvtres.write.1.tlog
D:\Data Pindah\Universitas\Semester 7\Grafika dan Pengolahan Citra\Neural Network\Debug\link.14848-rc.read.1.tlog
D:\Data Pindah\Universitas\Semester 7\Grafika dan Pengolahan Citra\Neural Network\Debug\link.14848-rc.write.1.tlog
D:\Data Pindah\Universitas\Semester 7\Grafika dan Pengolahan Citra\Neural Network\Debug\link.14848.read.1.tlog
D:\Data Pindah\Universitas\Semester 7\Grafika dan Pengolahan Citra\Neural Network\Debug\link.14848.write.1.tlog
D:\Data Pindah\Universitas\Semester 7\Grafika dan Pengolahan Citra\Neural Network\Debug\link.14864-cvtres.read.1.tlog
D:\Data Pindah\Universitas\Semester 7\Grafika dan Pengolahan Citra\Neural Network\Debug\link.14864-cvtres.write.1.tlog
D:\Data Pindah\Universitas\Semester 7\Grafika dan Pengolahan Citra\Neural Network\Debug\link.14864-rc.read.1.tlog
D:\Data Pindah\Universitas\Semester 7\Grafika dan Pengolahan Citra\Neural Network\Debug\link.14864-rc.write.1.tlog
D:\Data Pindah\Universitas\Semester 7\Grafika dan Pengolahan Citra\Neural Network\Debug\link.14864.read.1.tlog
D:\Data Pindah\Universitas\Semester 7\Grafika dan Pengolahan Citra\Neural Network\Debug\link.14864.write.1.tlog
D:\Data Pindah\Universitas\Semester 7\Grafika dan Pengolahan Citra\Neural Network\Debug\link.15656-cvtres.read.1.tlog
D:\Data Pindah\Universitas\Semester 7\Grafika dan Pengolahan Citra\Neural Network\Debug\link.15656-cvtres.write.1.tlog
D:\Data Pindah\Universitas\Semester 7\Grafika dan Pengolahan Citra\Neural Network\Debug\link.15656-rc.read.1.tlog
D:\Data Pindah\Universitas\Semester 7\Grafika dan Pengolahan Citra\Neural Network\Debug\link.15656-rc.write.1.tlog
D:\Data Pindah\Universitas\Semester 7\Grafika dan Pengolahan Citra\Neural Network\Debug\link.15656.read.1.tlog
D:\Data Pindah\Universitas\Semester 7\Grafika dan Pengolahan Citra\Neural Network\Debug\link.15656.write.1.tlog
D:\Data Pindah\Universitas\Semester 7\Grafika dan Pengolahan Citra\Neural Network\Debug\link.15920-cvtres.read.1.tlog
D:\Data Pindah\Universitas\Semester 7\Grafika dan Pengolahan Citra\Neural Network\Debug\link.15920-cvtres.write.1.tlog
D:\Data Pindah\Universitas\Semester 7\Grafika dan Pengolahan Citra\Neural Network\Debug\link.15920-rc.read.1.tlog
D:\Data Pindah\Universitas\Semester 7\Grafika dan Pengolahan Citra\Neural Network\Debug\link.15920-rc.write.1.tlog
D:\Data Pindah\Universitas\Semester 7\Grafika dan Pengolahan Citra\Neural Network\Debug\link.15920.read.1.tlog
D:\Data Pindah\Universitas\Semester 7\Grafika dan Pengolahan Citra\Neural Network\Debug\link.15920.write.1.tlog
D:\Data Pindah\Universitas\Semester 7\Grafika dan Pengolahan Citra\Neural Network\Debug\link.15952-cvtres.read.1.tlog
D:\Data Pindah\Universitas\Semester 7\Grafika dan Pengolahan Citra\Neural Network\Debug\link.15952-cvtres.write.1.tlog
D:\Data Pindah\Universitas\Semester 7\Grafika dan Pengolahan Citra\Neural Network\Debug\link.15952-rc.read.1.tlog
D:\Data Pindah\Universitas\Semester 7\Grafika dan Pengolahan Citra\Neural Network\Debug\link.15952-rc.write.1.tlog
D:\Data Pindah\Universitas\Semester 7\Grafika dan Pengolahan Citra\Neural Network\Debug\link.15952.read.1.tlog
D:\Data Pindah\Universitas\Semester 7\Grafika dan Pengolahan Citra\Neural Network\Debug\link.15952.write.1.tlog
D:\Data Pindah\Universitas\Semester 7\Grafika dan Pengolahan Citra\Neural Network\Debug\link.16252-cvtres.read.1.tlog
D:\Data Pindah\Universitas\Semester 7\Grafika dan Pengolahan Citra\Neural Network\Debug\link.16252-cvtres.write.1.tlog
D:\Data Pindah\Universitas\Semester 7\Grafika dan Pengolahan Citra\Neural Network\Debug\link.16252-rc.read.1.tlog
D:\Data Pindah\Universitas\Semester 7\Grafika dan Pengolahan Citra\Neural Network\Debug\link.16252-rc.write.1.tlog
D:\Data Pindah\Universitas\Semester 7\Grafika dan Pengolahan Citra\Neural Network\Debug\link.16252.read.1.tlog
D:\Data Pindah\Universitas\Semester 7\Grafika dan Pengolahan Citra\Neural Network\Debug\link.16252.write.1.tlog
D:\Data Pindah\Universitas\Semester 7\Grafika dan Pengolahan Citra\Neural Network\Debug\link.16292-cvtres.read.1.tlog
D:\Data Pindah\Universitas\Semester 7\Grafika dan Pengolahan Citra\Neural Network\Debug\link.16292-cvtres.write.1.tlog
D:\Data Pindah\Universitas\Semester 7\Grafika dan Pengolahan Citra\Neural Network\Debug\link.16292-rc.read.1.tlog
D:\Data Pindah\Universitas\Semester 7\Grafika dan Pengolahan Citra\Neural Network\Debug\link.16292-rc.write.1.tlog
D:\Data Pindah\Universitas\Semester 7\Grafika dan Pengolahan Citra\Neural Network\Debug\link.16292.read.1.tlog
D:\Data Pindah\Universitas\Semester 7\Grafika dan Pengolahan Citra\Neural Network\Debug\link.16292.write.1.tlog
D:\Data Pindah\Universitas\Semester 7\Grafika dan Pengolahan Citra\Neural Network\Debug\link.command.1.tlog
D:\Data Pindah\Universitas\Semester 7\Grafika dan Pengolahan Citra\Neural Network\Debug\link.read.1.tlog
D:\Data Pindah\Universitas\Semester 7\Grafika dan Pengolahan Citra\Neural Network\Debug\link.write.1.tlog
D:\Data Pindah\Universitas\Semester 7\Grafika dan Pengolahan Citra\Neural Network\Debug\vc110.idb
D:\Data Pindah\Universitas\Semester 7\Grafika dan Pengolahan Citra\Neural Network\Debug\Neural Network.pdb
D:\Data Pindah\Universitas\Semester 7\Grafika dan Pengolahan Citra\Neural Network\Debug\vc110.pdb
D:\Data Pindah\Universitas\Semester 7\Grafika dan Pengolahan Citra\Neural Network\Debug\Neural Network.exe
